<?xml version="1.0" encoding="UTF-8"?>
<testsuite name="TrelloTest" tests="1" skipped="0" failures="0" errors="0" timestamp="2022-06-07T09:11:40" hostname="C9332" time="3.034">
  <properties/>
  <testcase name="mainTest()" classname="TrelloTest" time="3.034"/>
  <system-out><![CDATA[{"id":"629f164d69ead36490cd309c","name":"APItestJunit","desc":"","descData":null,"closed":false,"idOrganization":"62971a140872ce2e03af3148","idEnterprise":null,"pinned":false,"url":"https://trello.com/b/EzhUzzY8/apitestjunit","shortUrl":"https://trello.com/b/EzhUzzY8","prefs":{"permissionLevel":"private","hideVotes":false,"voting":"disabled","comments":"members","invitations":"members","selfJoin":true,"cardCovers":true,"isTemplate":false,"cardAging":"regular","calendarFeedEnabled":false,"hiddenPluginBoardButtons":[],"switcherViews":[{"_id":"629f164d69ead36490cd309d","viewType":"Board","enabled":true},{"_id":"629f164d69ead36490cd309e","viewType":"Table","enabled":true},{"_id":"629f164d69ead36490cd309f","viewType":"Calendar","enabled":false},{"_id":"629f164d69ead36490cd30a0","viewType":"Dashboard","enabled":false},{"_id":"629f164d69ead36490cd30a1","viewType":"Timeline","enabled":false},{"_id":"629f164d69ead36490cd30a2","viewType":"Map","enabled":false}],"background":"blue","backgroundColor":"#0079BF","backgroundImage":null,"backgroundImageScaled":null,"backgroundTile":false,"backgroundBrightness":"dark","backgroundBottomColor":"#0079BF","backgroundTopColor":"#0079BF","canBePublic":true,"canBeEnterprise":true,"canBeOrg":true,"canBePrivate":true,"canInvite":true},"labelNames":{"green":"","yellow":"","orange":"","red":"","purple":"","blue":"","sky":"","lime":"","pink":"","black":"","green_dark":"","yellow_dark":"","orange_dark":"","red_dark":"","purple_dark":"","blue_dark":"","sky_dark":"","lime_dark":"","pink_dark":"","black_dark":"","green_light":"","yellow_light":"","orange_light":"","red_light":"","purple_light":"","blue_light":"","sky_light":"","lime_light":"","pink_light":"","black_light":""},"limits":{}}
[{"idMember":"62971a04772aa55377b924d1","memberType":"admin","unconfirmed":false,"deactivated":false,"id":"629f164d69ead36490cd30a7"}]
{"id":"629f164e85a50a1dbb298e01","name":"Done","closed":false,"idBoard":"629f164d69ead36490cd309c","pos":8192,"limits":{}}
{"id":"629f164e3f6a826690cfeac6","name":"Todo","closed":false,"idBoard":"629f164d69ead36490cd309c","pos":4096,"limits":{}}
{"attachments":[],"stickers":[],"checkItemStates":null,"id":"629f164e0ff4265439f7c571","badges":{"attachmentsByType":{"trello":{"board":0,"card":0}},"location":false,"votes":0,"viewingMemberVoted":false,"subscribed":false,"fogbugz":"","checkItems":0,"checkItemsChecked":0,"checkItemsEarliestDue":null,"comments":0,"attachments":0,"description":false,"due":null,"dueComplete":false,"start":null},"closed":false,"dueComplete":false,"dateLastActivity":"2022-06-07T09:11:42.603Z","desc":"","descData":{"emoji":{}},"due":null,"dueReminder":null,"email":null,"idBoard":"629f164d69ead36490cd309c","idChecklists":[],"idList":"629f164e3f6a826690cfeac6","idMembers":[],"idMembersVoted":[],"idShort":1,"idAttachmentCover":null,"labels":[],"idLabels":[],"manualCoverAttachment":false,"name":"NewCard","pos":16384,"shortLink":"CDEJ4ScY","shortUrl":"https://trello.com/c/CDEJ4ScY","start":null,"subscribed":false,"url":"https://trello.com/c/CDEJ4ScY/1-newcard","cover":{"idAttachment":null,"color":null,"idUploadedBackground":null,"size":"normal","brightness":"dark","idPlugin":null},"isTemplate":false,"cardRole":null,"limits":{}}
{"id":"629f164e0ff4265439f7c571","badges":{"attachmentsByType":{"trello":{"board":0,"card":0}},"location":false,"votes":0,"viewingMemberVoted":false,"subscribed":false,"fogbugz":"","checkItems":0,"checkItemsChecked":0,"checkItemsEarliestDue":null,"comments":0,"attachments":0,"description":false,"due":null,"dueComplete":false,"start":null},"checkItemStates":[],"closed":false,"dueComplete":false,"dateLastActivity":"2022-06-07T09:11:42.953Z","desc":"","descData":{"emoji":{}},"due":null,"dueReminder":null,"email":null,"idBoard":"629f164d69ead36490cd309c","idChecklists":[],"idList":"629f164e85a50a1dbb298e01","idMembers":[],"idMembersVoted":[],"idShort":1,"idAttachmentCover":null,"labels":[],"idLabels":[],"manualCoverAttachment":false,"name":"NewCard","pos":16384,"shortLink":"CDEJ4ScY","shortUrl":"https://trello.com/c/CDEJ4ScY","start":null,"subscribed":false,"url":"https://trello.com/c/CDEJ4ScY/1-newcard","cover":{"idAttachment":null,"color":null,"idUploadedBackground":null,"size":"normal","brightness":"dark","idPlugin":null},"isTemplate":false,"cardRole":null}
]]></system-out>
  <system-err><![CDATA[]]></system-err>
</testsuite>
